#
# A fatal error has been detected by the Java Runtime Environment:
#
#  EXCEPTION_ACCESS_VIOLATION (0xc0000005) at pc=0x6cf20c0a, pid=6924, tid=0x00000334
#
# JRE version: Java(TM) SE Runtime Environment (8.0_162-b12) (build 1.8.0_162-b12)
# Java VM: Java HotSpot(TM) Client VM (25.162-b12 mixed mode, sharing windows-x86 )
# Problematic frame:
# V  [jvm.dll+0xc0c0a]
#
# Failed to write core dump. Minidumps are not enabled by default on client versions of Windows
#
# If you would like to submit a bug report, please visit:
#   http://bugreport.java.com/bugreport/crash.jsp
#

---------------  T H R E A D  ---------------

Current thread (0x006a4c00):  VMThread [stack: 0x04450000,0x044a0000] [id=820]

siginfo: ExceptionCode=0xc0000005, reading address 0x00000080

Registers:
EAX=0x00000003, EBX=0x09ff2e90, ECX=0x17509290, EDX=0x0000000a
ESP=0x0449f074, EBP=0x0449f094, ESI=0x09ff2ea8, EDI=0x00000080
EIP=0x6cf20c0a, EFLAGS=0x00010202

Top of Stack: (sp=0x0449f074)
0x0449f074:   09b65180 00000003 000003fe 17509298
0x0449f084:   09ff2ea8 00000000 00000000 17509290
0x0449f094:   0449f0b4 6d016ae1 09ff2e68 1849f400
0x0449f0a4:   6d1cd4f4 00000000 ffffffee 6d1cd4f4
0x0449f0b4:   0449f0c0 6d016cdc 1849f404 0449f2a8
0x0449f0c4:   6cfdb633 1849f404 00000001 1849f400
0x0449f0d4:   00000000 00000000 0449f32c 0449f0fc
0x0449f0e4:   00000012 0000001d 6d139090 0449f320 

Instructions: (pc=0x6cf20c0a)
0x6cf20bea:   04 8d 34 93 89 75 f0 3b de 0f 83 3a 01 00 00 8d
0x6cf20bfa:   a4 24 00 00 00 00 8b 3b 85 ff 0f 84 1b 01 00 00
0x6cf20c0a:   8b 07 83 e0 03 3c 03 0f 84 0e 01 00 00 80 3d 54
0x6cf20c1a:   3b 1f 6d 00 74 09 57 e8 9a 72 1a 00 83 c4 04 8b 


Register to memory mapping:

EAX=0x00000003 is an unknown value
EBX=0x09ff2e90 is pointing into object: 0x09ff2e68
java.lang.reflect.Field 
 - klass: 'java/lang/reflect/Field'
ECX=0x17509290 is pointing into metadata
EDX=0x0000000a is an unknown value
ESP=0x0449f074 is an unknown value
EBP=0x0449f094 is an unknown value
ESI=0x09ff2ea8 is an oop
java.lang.reflect.Field 
 - klass: 'java/lang/reflect/Field'
EDI=0x00000080 is an unknown value


Stack: [0x04450000,0x044a0000],  sp=0x0449f074,  free space=316k
Native frames: (J=compiled Java code, j=interpreted, Vv=VM code, C=native code)
V  [jvm.dll+0xc0c0a]
V  [jvm.dll+0x1b6ae1]
V  [jvm.dll+0x1b6cdc]
V  [jvm.dll+0x17b633]
V  [jvm.dll+0x17a15a]
V  [jvm.dll+0x98e70]
V  [jvm.dll+0x9a161]
V  [jvm.dll+0x9bf60]
V  [jvm.dll+0x9c3c9]
V  [jvm.dll+0x9b14f]
V  [jvm.dll+0xa73f2]
V  [jvm.dll+0x99d33]
V  [jvm.dll+0x93c65]
V  [jvm.dll+0x1b9f36]
V  [jvm.dll+0x1840eb]
V  [jvm.dll+0x1834f1]
V  [jvm.dll+0x183907]
V  [jvm.dll+0x183b02]
V  [jvm.dll+0x1c3cb6]
C  [msvcr100.dll+0x5c556]
C  [msvcr100.dll+0x5c600]
C  [KERNEL32.DLL+0x18484]
C  [ntdll.dll+0x63ab8]
C  [ntdll.dll+0x63a88]

VM_Operation (0x0240f140): GenCollectForAllocation, mode: safepoint, requested by thread 0x0079d400


---------------  P R O C E S S  ---------------

Java Threads: ( => current thread )
  0x1849f400 JavaThread "C3P0PooledConnectionPoolManager[identityToken->1hge0z59z1c7vte3qu6x5p|b960a7]-HelperThread-#2" daemon [_thread_blocked, id=708, stack(0x18df0000,0x18e40000)]
  0x184a1000 JavaThread "C3P0PooledConnectionPoolManager[identityToken->1hge0z59z1c7vte3qu6x5p|b960a7]-HelperThread-#1" daemon [_thread_blocked, id=16976, stack(0x18d60000,0x18db0000)]
  0x1849f800 JavaThread "C3P0PooledConnectionPoolManager[identityToken->1hge0z59z1c7vte3qu6x5p|b960a7]-HelperThread-#0" daemon [_thread_blocked, id=15540, stack(0x18cd0000,0x18d20000)]
  0x184a2c00 JavaThread "C3P0PooledConnectionPoolManager[identityToken->1hge0z59z1c7vte3qu6x5p|b960a7]-AdminTaskTimer" daemon [_thread_blocked, id=15036, stack(0x18c40000,0x18c90000)]
  0x184a2400 JavaThread "C3P0PooledConnectionPoolManager[identityToken->1hge0z59z1c7vte3qu6x5p|1fa1761]-HelperThread-#2" daemon [_thread_blocked, id=20348, stack(0x17aa0000,0x17af0000)]
  0x184a2000 JavaThread "C3P0PooledConnectionPoolManager[identityToken->1hge0z59z1c7vte3qu6x5p|1fa1761]-HelperThread-#1" daemon [_thread_blocked, id=14872, stack(0x17480000,0x174d0000)]
  0x1849ec00 JavaThread "C3P0PooledConnectionPoolManager[identityToken->1hge0z59z1c7vte3qu6x5p|1fa1761]-HelperThread-#0" daemon [_thread_blocked, id=11924, stack(0x16890000,0x168e0000)]
  0x1849e400 JavaThread "C3P0PooledConnectionPoolManager[identityToken->1hge0z59z1c7vte3qu6x5p|1fa1761]-AdminTaskTimer" daemon [_thread_blocked, id=14416, stack(0x16840000,0x16890000)]
  0x1836a000 JavaThread "Abandoned connection cleanup thread" daemon [_thread_blocked, id=15792, stack(0x16430000,0x16480000)]
  0x15230800 JavaThread "Image Fetcher 1" daemon [_thread_blocked, id=14148, stack(0x166f0000,0x16740000)]
  0x1519b000 JavaThread "Image Fetcher 0" daemon [_thread_blocked, id=6944, stack(0x16660000,0x166b0000)]
  0x15187000 JavaThread "AWT-EventQueue-0" [_thread_blocked, id=11612, stack(0x165d0000,0x16620000)]
  0x1519a000 JavaThread "Image Fetcher 3" daemon [_thread_blocked, id=4796, stack(0x16540000,0x16590000)]
  0x15123400 JavaThread "AWT-Windows" daemon [_thread_in_native, id=11596, stack(0x156a0000,0x156f0000)]
  0x15122c00 JavaThread "AWT-Shutdown" [_thread_blocked, id=8716, stack(0x15610000,0x15660000)]
  0x15122400 JavaThread "Java2D Disposer" daemon [_thread_blocked, id=20196, stack(0x15550000,0x155a0000)]
  0x00732800 JavaThread "Service Thread" daemon [_thread_blocked, id=19100, stack(0x14d20000,0x14d70000)]
  0x00711c00 JavaThread "C1 CompilerThread0" daemon [_thread_blocked, id=17120, stack(0x14c90000,0x14ce0000)]
  0x00710800 JavaThread "Attach Listener" daemon [_thread_blocked, id=17676, stack(0x14c00000,0x14c50000)]
  0x0070e800 JavaThread "Signal Dispatcher" daemon [_thread_blocked, id=13800, stack(0x14b70000,0x14bc0000)]
  0x00705400 JavaThread "Finalizer" daemon [_thread_blocked, id=2544, stack(0x04570000,0x045c0000)]
  0x006a7800 JavaThread "Reference Handler" daemon [_thread_blocked, id=7060, stack(0x044e0000,0x04530000)]
  0x0079d400 JavaThread "main" [_thread_blocked, id=18844, stack(0x023c0000,0x02410000)]

Other Threads:
=>0x006a4c00 VMThread [stack: 0x04450000,0x044a0000] [id=820]
  0x00748800 WatcherThread [stack: 0x14db0000,0x14e00000] [id=15052]

VM state:at safepoint (normal execution)

VM Mutex/Monitor currently owned by a thread:  ([mutex/lock_event])
[0x0079c098] Threads_lock - owner thread: 0x006a4c00
[0x0079c910] Heap_lock - owner thread: 0x0079d400

Heap:
 def new generation   total 5632K, used 576K [0x04600000, 0x04c10000, 0x09b50000)
  eden space 5056K,   0% used [0x04600000, 0x04600000, 0x04af0000)
  from space 576K, 100% used [0x04af0000, 0x04b80000, 0x04b80000)
  to   space 576K,   0% used [0x04b80000, 0x04b80000, 0x04c10000)
 tenured generation   total 13456K, used 13429K [0x09b50000, 0x0a874000, 0x14600000)
   the space 13456K,  99% used [0x09b50000, 0x0a86d6c0, 0x0a86d800, 0x0a874000)
 Metaspace       used 16197K, capacity 16579K, committed 16640K, reserved 16768K

Card table byte_map: [0x00830000,0x008c0000] byte_map_base: 0x0080d000

Polling page: 0x00250000

CodeCache: size=32768Kb used=2953Kb max_used=2953Kb free=29814Kb
 bounds [0x02410000, 0x026f8000, 0x04410000]
 total_blobs=1851 nmethods=1610 adapters=171
 compilation: enabled

Compilation events (10 events):
Event: 5.431 Thread 0x00711c00 1614             org.hibernate.mapping.Column::getQuotedName (46 bytes)
Event: 5.432 Thread 0x00711c00 nmethod 1614 0x026f0808 code [0x026f0990, 0x026f0f30]
Event: 5.432 Thread 0x00711c00 1615             org.hibernate.engine.jdbc.env.internal.JdbcEnvironmentImpl::getIdentifierHelper (5 bytes)
Event: 5.432 Thread 0x00711c00 nmethod 1615 0x026f14c8 code [0x026f15c0, 0x026f1640]
Event: 5.432 Thread 0x00711c00 1616             org.jboss.logging.Logger::tracef (31 bytes)
Event: 5.433 Thread 0x00711c00 nmethod 1616 0x026f1688 code [0x026f17a0, 0x026f1978]
Event: 5.433 Thread 0x00711c00 1617             org.hibernate.engine.jdbc.env.internal.NormalizingIdentifierHelperImpl::normalizeQuoting (87 bytes)
Event: 5.434 Thread 0x00711c00 nmethod 1617 0x026f1a88 code [0x026f1c20, 0x026f21e8]
Event: 5.434 Thread 0x00711c00 1618             org.hibernate.boot.model.naming.Identifier::isQuoted (5 bytes)
Event: 5.434 Thread 0x00711c00 nmethod 1618 0x026f2688 code [0x026f2780, 0x026f2800]

GC Heap History (10 events):
Event: 4.835 GC heap after
Heap after GC invocations=46 (full 1):
 def new generation   total 5632K, used 286K [0x04600000, 0x04c10000, 0x09b50000)
  eden space 5056K,   0% used [0x04600000, 0x04600000, 0x04af0000)
  from space 576K,  49% used [0x04b80000, 0x04bc7920, 0x04c10000)
  to   space 576K,   0% used [0x04af0000, 0x04af0000, 0x04b80000)
 tenured generation   total 12304K, used 10907K [0x09b50000, 0x0a754000, 0x14600000)
   the space 12304K,  88% used [0x09b50000, 0x0a5f6fb0, 0x0a5f7000, 0x0a754000)
 Metaspace       used 14795K, capacity 15110K, committed 15232K, reserved 15744K
}
Event: 4.951 GC heap before
{Heap before GC invocations=46 (full 1):
 def new generation   total 5632K, used 5342K [0x04600000, 0x04c10000, 0x09b50000)
  eden space 5056K, 100% used [0x04600000, 0x04af0000, 0x04af0000)
  from space 576K,  49% used [0x04b80000, 0x04bc7920, 0x04c10000)
  to   space 576K,   0% used [0x04af0000, 0x04af0000, 0x04b80000)
 tenured generation   total 12304K, used 10907K [0x09b50000, 0x0a754000, 0x14600000)
   the space 12304K,  88% used [0x09b50000, 0x0a5f6fb0, 0x0a5f7000, 0x0a754000)
 Metaspace       used 14795K, capacity 15110K, committed 15232K, reserved 15744K
Event: 4.953 GC heap after
Heap after GC invocations=47 (full 1):
 def new generation   total 5632K, used 220K [0x04600000, 0x04c10000, 0x09b50000)
  eden space 5056K,   0% used [0x04600000, 0x04600000, 0x04af0000)
  from space 576K,  38% used [0x04af0000, 0x04b272f8, 0x04b80000)
  to   space 576K,   0% used [0x04b80000, 0x04b80000, 0x04c10000)
 tenured generation   total 12304K, used 10907K [0x09b50000, 0x0a754000, 0x14600000)
   the space 12304K,  88% used [0x09b50000, 0x0a5f6fb0, 0x0a5f7000, 0x0a754000)
 Metaspace       used 14795K, capacity 15110K, committed 15232K, reserved 15744K
}
Event: 5.072 GC heap before
{Heap before GC invocations=47 (full 1):
 def new generation   total 5632K, used 5276K [0x04600000, 0x04c10000, 0x09b50000)
  eden space 5056K, 100% used [0x04600000, 0x04af0000, 0x04af0000)
  from space 576K,  38% used [0x04af0000, 0x04b272f8, 0x04b80000)
  to   space 576K,   0% used [0x04b80000, 0x04b80000, 0x04c10000)
 tenured generation   total 12304K, used 10907K [0x09b50000, 0x0a754000, 0x14600000)
   the space 12304K,  88% used [0x09b50000, 0x0a5f6fb0, 0x0a5f7000, 0x0a754000)
 Metaspace       used 14795K, capacity 15110K, committed 15232K, reserved 15744K
Event: 5.075 GC heap after
Heap after GC invocations=48 (full 1):
 def new generation   total 5632K, used 223K [0x04600000, 0x04c10000, 0x09b50000)
  eden space 5056K,   0% used [0x04600000, 0x04600000, 0x04af0000)
  from space 576K,  38% used [0x04b80000, 0x04bb7d70, 0x04c10000)
  to   space 576K,   0% used [0x04af0000, 0x04af0000, 0x04b80000)
 tenured generation   total 12304K, used 10907K [0x09b50000, 0x0a754000, 0x14600000)
   the space 12304K,  88% used [0x09b50000, 0x0a5f6fb0, 0x0a5f7000, 0x0a754000)
 Metaspace       used 14795K, capacity 15110K, committed 15232K, reserved 15744K
}
Event: 5.127 GC heap before
{Heap before GC invocations=48 (full 1):
 def new generation   total 5632K, used 5279K [0x04600000, 0x04c10000, 0x09b50000)
  eden space 5056K, 100% used [0x04600000, 0x04af0000, 0x04af0000)
  from space 576K,  38% used [0x04b80000, 0x04bb7d70, 0x04c10000)
  to   space 576K,   0% used [0x04af0000, 0x04af0000, 0x04b80000)
 tenured generation   total 12304K, used 10907K [0x09b50000, 0x0a754000, 0x14600000)
   the space 12304K,  88% used [0x09b50000, 0x0a5f6fb0, 0x0a5f7000, 0x0a754000)
 Metaspace       used 14795K, capacity 15110K, committed 15232K, reserved 15744K
Event: 5.131 GC heap after
Heap after GC invocations=49 (full 1):
 def new generation   total 5632K, used 154K [0x04600000, 0x04c10000, 0x09b50000)
  eden space 5056K,   0% used [0x04600000, 0x04600000, 0x04af0000)
  from space 576K,  26% used [0x04af0000, 0x04b16a50, 0x04b80000)
  to   space 576K,   0% used [0x04b80000, 0x04b80000, 0x04c10000)
 tenured generation   total 12304K, used 10907K [0x09b50000, 0x0a754000, 0x14600000)
   the space 12304K,  88% used [0x09b50000, 0x0a5f6fb0, 0x0a5f7000, 0x0a754000)
 Metaspace       used 14795K, capacity 15110K, committed 15232K, reserved 15744K
}
Event: 5.258 GC heap before
{Heap before GC invocations=49 (full 1):
 def new generation   total 5632K, used 5210K [0x04600000, 0x04c10000, 0x09b50000)
  eden space 5056K, 100% used [0x04600000, 0x04af0000, 0x04af0000)
  from space 576K,  26% used [0x04af0000, 0x04b16a50, 0x04b80000)
  to   space 576K,   0% used [0x04b80000, 0x04b80000, 0x04c10000)
 tenured generation   total 12304K, used 10907K [0x09b50000, 0x0a754000, 0x14600000)
   the space 12304K,  88% used [0x09b50000, 0x0a5f6fb0, 0x0a5f7000, 0x0a754000)
 Metaspace       used 15628K, capacity 16020K, committed 16128K, reserved 16768K
Event: 5.262 GC heap after
Heap after GC invocations=50 (full 1):
 def new generation   total 5632K, used 576K [0x04600000, 0x04c10000, 0x09b50000)
  eden space 5056K,   0% used [0x04600000, 0x04600000, 0x04af0000)
  from space 576K, 100% used [0x04b80000, 0x04c10000, 0x04c10000)
  to   space 576K,   0% used [0x04af0000, 0x04af0000, 0x04b80000)
 tenured generation   total 12304K, used 11518K [0x09b50000, 0x0a754000, 0x14600000)
   the space 12304K,  93% used [0x09b50000, 0x0a68f9d0, 0x0a68fa00, 0x0a754000)
 Metaspace       used 15628K, capacity 16020K, committed 16128K, reserved 16768K
}
Event: 5.435 GC heap before
{Heap before GC invocations=50 (full 1):
 def new generation   total 5632K, used 5632K [0x04600000, 0x04c10000, 0x09b50000)
  eden space 5056K, 100% used [0x04600000, 0x04af0000, 0x04af0000)
  from space 576K, 100% used [0x04b80000, 0x04c10000, 0x04c10000)
  to   space 576K,   0% used [0x04af0000, 0x04af0000, 0x04b80000)
 tenured generation   total 12304K, used 11518K [0x09b50000, 0x0a754000, 0x14600000)
   the space 12304K,  93% used [0x09b50000, 0x0a68f9d0, 0x0a68fa00, 0x0a754000)
 Metaspace       used 16197K, capacity 16579K, committed 16640K, reserved 16768K

Deoptimization events (0 events):
No events

Classes redefined (0 events):
No events

Internal exceptions (10 events):
Event: 5.430 Thread 0x0079d400 Exception <a 'java/lang/ArrayIndexOutOfBoundsException'> (0x04ac4728) thrown at [C:\re\workspace\8-2-build-windows-i586-cygwin\jdk8u162\10278\hotspot\src\share\vm\runtime\sharedRuntime.cpp, line 605]
Event: 5.434 Thread 0x0079d400 Exception <a 'java/lang/ArrayIndexOutOfBoundsException'> (0x04ae2538) thrown at [C:\re\workspace\8-2-build-windows-i586-cygwin\jdk8u162\10278\hotspot\src\share\vm\runtime\sharedRuntime.cpp, line 605]
Event: 5.435 Thread 0x0079d400 Exception <a 'java/lang/ArrayIndexOutOfBoundsException'> (0x04ae31e8) thrown at [C:\re\workspace\8-2-build-windows-i586-cygwin\jdk8u162\10278\hotspot\src\share\vm\runtime\sharedRuntime.cpp, line 605]
Event: 5.435 Thread 0x0079d400 Exception <a 'java/lang/ArrayIndexOutOfBoundsException'> (0x04ae4130) thrown at [C:\re\workspace\8-2-build-windows-i586-cygwin\jdk8u162\10278\hotspot\src\share\vm\runtime\sharedRuntime.cpp, line 605]
Event: 5.435 Thread 0x0079d400 Exception <a 'java/lang/ArrayIndexOutOfBoundsException'> (0x04ae4bc0) thrown at [C:\re\workspace\8-2-build-windows-i586-cygwin\jdk8u162\10278\hotspot\src\share\vm\runtime\sharedRuntime.cpp, line 605]
Event: 5.435 Thread 0x0079d400 Exception <a 'java/lang/ArrayIndexOutOfBoundsException'> (0x04ae5960) thrown at [C:\re\workspace\8-2-build-windows-i586-cygwin\jdk8u162\10278\hotspot\src\share\vm\runtime\sharedRuntime.cpp, line 605]
Event: 5.435 Thread 0x0079d400 Exception <a 'java/lang/ArrayIndexOutOfBoundsException'> (0x04ae6610) thrown at [C:\re\workspace\8-2-build-windows-i586-cygwin\jdk8u162\10278\hotspot\src\share\vm\runtime\sharedRuntime.cpp, line 605]
Event: 5.435 Thread 0x0079d400 Exception <a 'java/lang/ArrayIndexOutOfBoundsException'> (0x04ae7048) thrown at [C:\re\workspace\8-2-build-windows-i586-cygwin\jdk8u162\10278\hotspot\src\share\vm\runtime\sharedRuntime.cpp, line 605]
Event: 5.435 Thread 0x0079d400 Exception <a 'java/lang/ArrayIndexOutOfBoundsException'> (0x04ae7d48) thrown at [C:\re\workspace\8-2-build-windows-i586-cygwin\jdk8u162\10278\hotspot\src\share\vm\runtime\sharedRuntime.cpp, line 605]
Event: 5.435 Thread 0x0079d400 Exception <a 'java/lang/ArrayIndexOutOfBoundsException'> (0x04ae8678) thrown at [C:\re\workspace\8-2-build-windows-i586-cygwin\jdk8u162\10278\hotspot\src\share\vm\runtime\sharedRuntime.cpp, line 605]

Events (10 events):
Event: 5.428 loading class model/bean/fiscal/Ncm done
Event: 5.428 loading class model/bean/principal/Diretiva
Event: 5.428 loading class model/bean/principal/Diretiva done
Event: 5.428 loading class model/bean/fiscal/SatErroOuAlerta
Event: 5.428 loading class model/bean/fiscal/SatErroOuAlerta done
Event: 5.428 loading class model/bean/fiscal/ProdutoOrigem
Event: 5.428 loading class model/bean/fiscal/ProdutoOrigem done
Event: 5.428 loading class model/bean/fiscal/MeioDePagamento
Event: 5.428 loading class model/bean/fiscal/MeioDePagamento done
Event: 5.435 Executing VM operation: GenCollectForAllocation


Dynamic libraries:
0x00a70000 - 0x00aa3000 	C:\Program Files (x86)\Java\jdk1.8.0_162\bin\java.exe
0x77940000 - 0x77ad0000 	C:\WINDOWS\SYSTEM32\ntdll.dll
0x74750000 - 0x74830000 	C:\WINDOWS\System32\KERNEL32.DLL
0x74dd0000 - 0x74fb4000 	C:\WINDOWS\System32\KERNELBASE.dll
0x6dda0000 - 0x6de3d000 	C:\WINDOWS\SYSTEM32\apphelp.dll
0x759f0000 - 0x75a68000 	C:\WINDOWS\System32\ADVAPI32.dll
0x74fc0000 - 0x7507f000 	C:\WINDOWS\System32\msvcrt.dll
0x74220000 - 0x74264000 	C:\WINDOWS\System32\sechost.dll
0x745e0000 - 0x746a0000 	C:\WINDOWS\System32\RPCRT4.dll
0x74200000 - 0x74220000 	C:\WINDOWS\System32\SspiCli.dll
0x741f0000 - 0x741fa000 	C:\WINDOWS\System32\CRYPTBASE.dll
0x75cd0000 - 0x75d28000 	C:\WINDOWS\System32\bcryptPrimitives.dll
0x77600000 - 0x7778d000 	C:\WINDOWS\System32\USER32.dll
0x77830000 - 0x77847000 	C:\WINDOWS\System32\win32u.dll
0x75220000 - 0x75242000 	C:\WINDOWS\System32\GDI32.dll
0x74830000 - 0x74994000 	C:\WINDOWS\System32\gdi32full.dll
0x75090000 - 0x7510d000 	C:\WINDOWS\System32\msvcp_win.dll
0x75b10000 - 0x75c2e000 	C:\WINDOWS\System32\ucrtbase.dll
0x73a70000 - 0x73c74000 	C:\WINDOWS\WinSxS\x86_microsoft.windows.common-controls_6595b64144ccf1df_6.0.17134.471_none_42ebd18244e5251c\COMCTL32.dll
0x77390000 - 0x775ec000 	C:\WINDOWS\System32\combase.dll
0x75d90000 - 0x75db6000 	C:\WINDOWS\System32\IMM32.DLL
0x730a0000 - 0x7315f000 	C:\Program Files (x86)\Java\jdk1.8.0_162\jre\bin\msvcr100.dll
0x6ce60000 - 0x6d230000 	C:\Program Files (x86)\Java\jdk1.8.0_162\jre\bin\client\jvm.dll
0x775f0000 - 0x775f6000 	C:\WINDOWS\System32\PSAPI.DLL
0x74050000 - 0x74074000 	C:\WINDOWS\SYSTEM32\WINMM.dll
0x73840000 - 0x73848000 	C:\WINDOWS\SYSTEM32\VERSION.dll
0x71100000 - 0x71108000 	C:\WINDOWS\SYSTEM32\WSOCK32.dll
0x75dc0000 - 0x75e27000 	C:\WINDOWS\System32\WS2_32.dll
0x74000000 - 0x74023000 	C:\WINDOWS\SYSTEM32\WINMMBASE.dll
0x75c30000 - 0x75c69000 	C:\WINDOWS\System32\cfgmgr32.dll
0x73090000 - 0x7309c000 	C:\Program Files (x86)\Java\jdk1.8.0_162\jre\bin\verify.dll
0x73060000 - 0x73082000 	C:\Program Files (x86)\Java\jdk1.8.0_162\jre\bin\java.dll
0x73040000 - 0x73054000 	C:\Program Files (x86)\Java\jdk1.8.0_162\jre\bin\zip.dll
0x75e40000 - 0x7718a000 	C:\WINDOWS\System32\SHELL32.dll
0x75190000 - 0x75218000 	C:\WINDOWS\System32\shcore.dll
0x75330000 - 0x758ea000 	C:\WINDOWS\System32\windows.storage.dll
0x74590000 - 0x745d5000 	C:\WINDOWS\System32\shlwapi.dll
0x75080000 - 0x7508f000 	C:\WINDOWS\System32\kernel.appcore.dll
0x74270000 - 0x74288000 	C:\WINDOWS\System32\profapi.dll
0x75ac0000 - 0x75b05000 	C:\WINDOWS\System32\powrprof.dll
0x75e30000 - 0x75e38000 	C:\WINDOWS\System32\FLTLIB.DLL
0x73020000 - 0x73035000 	C:\Program Files (x86)\Java\jdk1.8.0_162\jre\bin\net.dll
0x73f60000 - 0x73fb6000 	C:\WINDOWS\system32\mswsock.dll
0x73010000 - 0x7301f000 	C:\Program Files (x86)\Java\jdk1.8.0_162\jre\bin\nio.dll
0x6e010000 - 0x6e155000 	C:\Program Files (x86)\Java\jdk1.8.0_162\jre\bin\awt.dll
0x77790000 - 0x77826000 	C:\WINDOWS\System32\OLEAUT32.dll
0x71550000 - 0x71573000 	C:\WINDOWS\system32\DWMAPI.DLL
0x737b0000 - 0x7382c000 	C:\WINDOWS\system32\uxtheme.dll
0x6cd80000 - 0x6ce59000 	C:\WINDOWS\system32\opengl32.dll
0x72fd0000 - 0x7300f000 	C:\WINDOWS\SYSTEM32\GLU32.dll
0x74440000 - 0x74583000 	C:\WINDOWS\System32\MSCTF.dll
0x758f0000 - 0x759ec000 	C:\WINDOWS\System32\ole32.dll
0x6e3d0000 - 0x6e409000 	C:\Program Files (x86)\Java\jdk1.8.0_162\jre\bin\fontmanager.dll
0x6e390000 - 0x6e3c2000 	C:\Program Files (x86)\Java\jdk1.8.0_162\jre\bin\t2k.dll
0x73f40000 - 0x73f53000 	C:\WINDOWS\SYSTEM32\CRYPTSP.dll
0x73f10000 - 0x73f3f000 	C:\WINDOWS\system32\rsaenh.dll
0x73ef0000 - 0x73f09000 	C:\WINDOWS\SYSTEM32\bcrypt.dll
0x74080000 - 0x740a1000 	C:\WINDOWS\SYSTEM32\USERENV.dll
0x739b0000 - 0x739e0000 	C:\WINDOWS\SYSTEM32\IPHLPAPI.DLL
0x75180000 - 0x75187000 	C:\WINDOWS\System32\NSI.dll
0x73420000 - 0x73433000 	C:\WINDOWS\SYSTEM32\dhcpcsvc6.DLL
0x738e0000 - 0x738f4000 	C:\WINDOWS\SYSTEM32\dhcpcsvc.DLL
0x72fb0000 - 0x72fc1000 	C:\WINDOWS\system32\napinsp.dll
0x6e220000 - 0x6e236000 	C:\WINDOWS\system32\pnrpnsp.dll
0x6e200000 - 0x6e213000 	C:\WINDOWS\system32\NLAapi.dll
0x739e0000 - 0x73a6e000 	C:\WINDOWS\SYSTEM32\DNSAPI.dll
0x72fa0000 - 0x72fac000 	C:\WINDOWS\System32\winrnr.dll
0x739a0000 - 0x739a8000 	C:\Windows\System32\rasadhlp.dll
0x73950000 - 0x7399f000 	C:\WINDOWS\System32\fwpuclnt.dll
0x6e590000 - 0x6e59a000 	C:\Program Files (x86)\Java\jdk1.8.0_162\jre\bin\management.dll
0x17af0000 - 0x17bd4000 	C:\Users\ivand\AppData\Local\Temp\sqlite-3.23.1-6ce5083c-84bb-4c2e-8000-786d96fe094a-sqlitejdbc.dll
0x6f7c0000 - 0x6f942000 	C:\WINDOWS\SYSTEM32\dbghelp.dll

VM Arguments:
jvm_args: -Dfile.encoding=UTF-8 
java_command: ouroboros.Ouroboros
java_class_path (initial): C:\Workspace\_libs\c3p0\hibernate-c3p0-5.2.12.Final.jar;C:\Workspace\_libs\c3p0\c3p0-0.9.5.2.jar;C:\Workspace\_libs\c3p0\mchange-commons-java-0.2.11.jar;C:\Workspace\_libs\pdfbox-2.0.9.jar;C:\Workspace\_libs\commons-logging-1.2\commons-logging-1.2.jar;C:\Workspace\_libs\fontbox-2.0.9.jar;C:\Workspace\_libs\itextpdf-5.5.12.jar;C:\Workspace\_libs\jna.zip;C:\Workspace\_libs\zxing-1.7-javase.jar;C:\Workspace\_libs\zxing-core-2.0.jar;C:\Workspace\_libs\sqlite-jdbc-3.23.1.jar;C:\Workspace\_libs\mysql-connector-java-8.0.12.jar;C:\Workspace\_libs\hibernate-release-5.3.6.Final\lib\required\antlr-2.7.7.jar;C:\Workspace\_libs\hibernate-release-5.3.6.Final\lib\required\byte-buddy-1.8.17.jar;C:\Workspace\_libs\hibernate-release-5.3.6.Final\lib\required\classmate-1.3.4.jar;C:\Workspace\_libs\hibernate-release-5.3.6.Final\lib\required\dom4j-1.6.1.jar;C:\Workspace\_libs\hibernate-release-5.3.6.Final\lib\required\hibernate-commons-annotations-5.0.4.Final.jar;C:\Workspace\_libs\hibernate-release-5.3.6.Final\lib\required\hibernate-core-5.3.6.Final.jar;C:\Workspace\_libs\hibernate-release-5.3.6.Final\lib\required\jandex-2.0.5.Final.jar;C:\Workspace\_libs\hibernate-release-5.3.6.Final\lib\required\javassist-3.23.1-GA.jar;C:\Workspace\_libs\hibernate-release-5.3.6.Final\lib\required\javax.activation-api-1.2.0.jar;C:\Workspace\_libs\hibernate-release-5.3.6.Final\lib\required\javax.persistence-api-2.2.jar;C:\Workspace\_libs\hibernate-release-5.3.6.Final\lib\required\jboss-logging-3.3.2.Final.jar;C:\Workspace\_libs\hibernate-release-5.3.6.Final\lib\required\jboss-transaction-api_1.2_spec-1.1.1.Final.jar;C:\Workspace\Ouroboros\build\classes
Launcher Type: SUN_STANDARD

Environment Variables:
JAVA_HOME=C:\Program Files\Java\jdk1.8.0_131
PATH=C:\Program Files (x86)\Common Files\Oracle\Java\javapath;C:\ProgramData\Oracle\Java\javapath;C:\app\ivand\product\11.2.0\dbhome_1\bin;C:\Program Files (x86)\ActiveState Komodo Edit 10\;C:\Program Files (x86)\Common Files\Intel\Shared Files\cpp\bin\Intel64;C:\WINDOWS\system32;C:\WINDOWS;C:\WINDOWS\System32\Wbem;C:\Program Files\Java\jre1.8.0_101\bin;C:\Program Files\Java\jdk1.7.0_79\bin;C:\wamp\bin\php\php5.4.12;C:\ProgramData\ComposerSetup\bin;C:\WINDOWS\System32\WindowsPowerShell\v1.0\;C:\wamp\bin\mysql\mysql5.6.12\bin;C:\Program Files\Java\jdk1.8.0_131\bin;;C:\WINDOWS\System32\OpenSSH\;C:\Program Files (x86)\Microsoft SQL Server\90\Tools\binn\;C:\Users\ivand\AppData\Roaming\Composer\vendor\bin;C:\Users\ivand\AppData\Local\Microsoft\WindowsApps;
USERNAME=ivand
OS=Windows_NT
PROCESSOR_IDENTIFIER=Intel64 Family 6 Model 58 Stepping 9, GenuineIntel



---------------  S Y S T E M  ---------------

OS: Windows 10.0 , 64 bit Build 17134 (10.0.17134.1)

CPU:total 4 (initial active 4) (2 cores per cpu, 2 threads per core) family 6 model 58 stepping 9, cmov, cx8, fxsr, mmx, sse, sse2, sse3, ssse3, sse4.1, sse4.2, popcnt, avx, aes, clmul, erms, ht, tsc, tscinvbit, tscinv

Memory: 4k page, physical 7806260k(1914888k free), swap 13049140k(2791448k free)

vm_info: Java HotSpot(TM) Client VM (25.162-b12) for windows-x86 JRE (1.8.0_162-b12), built on Dec 19 2017 18:59:17 by "java_re" with MS VC++ 10.0 (VS2010)

time: Fri Dec 14 15:34:40 2018
elapsed time: 5 seconds (0d 0h 0m 5s)

